{
  "RSpec": {
    "coverage": {
      "/Users/guilhermehrojas/Workspace/idea-factory/app/models/user.rb": [
        1,
        null,
        null,
        1,
        null,
        null,
        1,
        1,
        null,
        1,
        1,
        1,
        null
      ],
      "/Users/guilhermehrojas/Workspace/idea-factory/app/helpers/application_helper.rb": [
        1,
        null
      ],
      "/Users/guilhermehrojas/Workspace/idea-factory/app/helpers/ideas_helper.rb": [
        1,
        null
      ],
      "/Users/guilhermehrojas/Workspace/idea-factory/app/helpers/projects_helper.rb": [
        1,
        null
      ],
      "/Users/guilhermehrojas/Workspace/idea-factory/app/helpers/search_helper.rb": [
        1,
        null
      ],
      "/Users/guilhermehrojas/Workspace/idea-factory/app/helpers/static_pages_helper.rb": [
        1,
        null
      ],
      "/Users/guilhermehrojas/Workspace/idea-factory/app/controllers/ideas_controller.rb": [
        1,
        1,
        1,
        1,
        null,
        null,
        null,
        null,
        1,
        1,
        1,
        null,
        null,
        null,
        null,
        1,
        null,
        null,
        null,
        1,
        1,
        null,
        null,
        null,
        1,
        1,
        1,
        1,
        null,
        null,
        null,
        null,
        1,
        2,
        2,
        null,
        2,
        2,
        2,
        1,
        null,
        2,
        1,
        null,
        null,
        null,
        null,
        null,
        null,
        1,
        2,
        2,
        2,
        1,
        null,
        2,
        1,
        null,
        null,
        null,
        null,
        null,
        null,
        1,
        1,
        0,
        null,
        1,
        1,
        2,
        1,
        null,
        null,
        null,
        null,
        1,
        1,
        2,
        2,
        0,
        null,
        null,
        null,
        1,
        6,
        null,
        null,
        null,
        1,
        4,
        null,
        null
      ],
      "/Users/guilhermehrojas/Workspace/idea-factory/app/controllers/application_controller.rb": [
        1,
        null,
        null,
        1,
        null,
        1,
        null,
        1,
        null,
        1,
        0,
        0,
        null,
        null
      ],
      "/Users/guilhermehrojas/Workspace/idea-factory/app/models/idea.rb": [
        1,
        1,
        1,
        null,
        1,
        null
      ],
      "/Users/guilhermehrojas/Workspace/idea-factory/app/models/project.rb": [
        1,
        1,
        1,
        null
      ]
    },
    "timestamp": 1417799444
  }
}
